<?xml version="1.0" encoding="UTF-8"?>
<Site BuildName="(empty)"
	BuildStamp="20241206-1133-Experimental"
	Name="(empty)"
	Generator="ctest-3.30.1"
	CompilerName=""
	CompilerVersion=""
	OSName="Windows"
	Hostname="DESKTOP-40TEV5M"
	OSRelease=" Professional"
	OSVersion=" (Build 19045)"
	OSPlatform="AMD64"
	Is64Bits="1"
	VendorString=""
	VendorID="Unknown Manufacturer"
	FamilyID="0"
	ModelID="0"
	ProcessorCacheSize="0"
	NumberOfLogicalCPU="8"
	NumberOfPhysicalCPU="4"
	TotalVirtualMemory="10124"
	TotalPhysicalMemory="8076"
	LogicalProcessorsPerPhysical="2"
	ProcessorClockFrequency="2494"
	>
	<Testing>
		<StartDateTime>Dec 06 18:33 [NON-UTF-8-BYTE-0xD2][NON-UTF-8-BYTE-0xEE][NON-UTF-8-BYTE-0xEC][NON-UTF-8-BYTE-0xF1][NON-UTF-8-BYTE-0xEA] ([NON-UTF-8-BYTE-0xE7][NON-UTF-8-BYTE-0xE8][NON-UTF-8-BYTE-0xEC][NON-UTF-8-BYTE-0xE0])</StartDateTime>
		<StartTestTime>1733484828</StartTestTime>
		<TestList/>
		<EndDateTime>Dec 06 18:33 [NON-UTF-8-BYTE-0xD2][NON-UTF-8-BYTE-0xEE][NON-UTF-8-BYTE-0xEC][NON-UTF-8-BYTE-0xF1][NON-UTF-8-BYTE-0xEA] ([NON-UTF-8-BYTE-0xE7][NON-UTF-8-BYTE-0xE8][NON-UTF-8-BYTE-0xEC][NON-UTF-8-BYTE-0xE0])</EndDateTime>
		<EndTestTime>1733484828</EndTestTime>
		<ElapsedMinutes>0</ElapsedMinutes>
	</Testing>
</Site>
